<?xml version="1.0" encoding="UTF-8"?>
<!-- Generated by org.testng.reporters.JUnitReportReporter -->
<testsuite skipped="0" hostname="LAPTOP-5846SF8B" name="testfurniturepage.TestFurniturePage" tests="2" failures="0" timestamp="05 Oct 2019 10:44:22 GMT" time="9.404" errors="0">
  <testcase name="setCommercial" time="6.825" classname="testfurniturepage.TestFurniturePage"/>
  <testcase name="SetChildrenFurniture" time="2.579" classname="testfurniturepage.TestFurniturePage"/>
</testsuite> <!-- testfurniturepage.TestFurniturePage -->
