<?xml version="1.0" encoding="UTF-8"?>
<!-- Generated by org.testng.reporters.JUnitReportReporter -->
<testsuite skipped="0" hostname="LAPTOP-5846SF8B" name="testhompage.TestHomPage" tests="10" failures="0" timestamp="05 Oct 2019 11:07:03 GMT" time="25.607" errors="0">
  <testcase name="homebuttontest" time="0.149" classname="testhompage.TestHomPage"/>
  <testcase name="menubtn" time="1.292" classname="testhompage.TestHomPage"/>
  <testcase name="testParenting" time="2.079" classname="testhompage.TestHomPage"/>
  <testcase name="testSetBottomPoliticsCongress" time="3.525" classname="testhompage.TestHomPage"/>
  <testcase name="testSetFirstIMG" time="1.588" classname="testhompage.TestHomPage"/>
  <testcase name="imageTesting1" time="2.539" classname="testhompage.TestHomPage"/>
  <testcase name="testSetBottomWorldAsianews" time="1.538" classname="testhompage.TestHomPage"/>
  <testcase name="testCurrentUrl" time="0.100" classname="testhompage.TestHomPage"/>
  <testcase name="clickOnMarket" time="5.967" classname="testhompage.TestHomPage"/>
  <testcase name="nikeTraging" time="6.830" classname="testhompage.TestHomPage"/>
</testsuite> <!-- testhompage.TestHomPage -->
